ERROR | 2022-06-24 12:49:16 | User_service: USNAT  | UI 1 
ERROR | 2022-06-24 12:49:25 | User_postgres_store: CNFUWU  
ERROR | 2022-06-25 13:11:38 | User_postgres_store: CNFUWU  
ERROR | 2022-06-25 13:15:12 | User_postgres_store: UAR  
ERROR | 2022-06-25 13:15:12 | User_service: CNSU  
ERROR | 2022-06-25 13:17:00 | User_postgres_store: CNFUWU  
ERROR | 2022-06-25 13:18:30 | User_postgres_store: UAR  
ERROR | 2022-06-25 13:18:30 | User_service: CNSU  
ERROR | 2022-06-25 13:20:30 | User_postgres_store: CNFUWU  
ERROR | 2022-06-25 13:22:34 | User_postgres_store: CNFUWU  
ERROR | 2022-06-25 13:24:41 | User_postgres_store: CNFUWU  
ERROR | 2022-06-25 13:42:13 | User_postgres_store: CNFUWU  
ERROR | 2022-06-25 13:42:26 | User_postgres_store: UAR  
ERROR | 2022-06-25 13:42:26 | User_service: CNSU  
ERROR | 2022-06-25 13:48:56 | User_postgres_store: CNFUWU  
ERROR | 2022-06-25 13:49:04 | User_postgres_store: UAR  
ERROR | 2022-06-25 13:49:04 | User_service: CNSU  
ERROR | 2022-06-25 14:00:10 | User_postgres_store: CNFUWU  
ERROR | 2022-06-25 14:02:12 | User_postgres_store: CNFUWU  
ERROR | 2022-06-25 15:17:55 | User_postgres_store: CNFUWU  
ERROR | 2022-06-25 15:21:23 | User_postgres_store: CNFUWU  
ERROR | 2022-06-25 15:22:05 | User_postgres_store: CNFUWU  
ERROR | 2022-06-25 15:24:04 | User_postgres_store: CNFUWU  
ERROR | 2022-06-25 15:26:20 | User_service: USNAT  | UI 6 
ERROR | 2022-06-25 15:26:53 | User_service: USNAT  | UI 6 
ERROR | 2022-06-25 15:27:07 | User_postgres_store: CNFUWU  
ERROR | 2022-06-25 15:28:03 | User_postgres_store: CNFUWU  
ERROR | 2022-06-25 15:29:44 | User_postgres_store: CNFUWU  
ERROR | 2022-06-27 12:59:10 | User_postgres_store: CNFUWU  
ERROR | 2022-07-03 18:32:30 | User_postgres_store: CNFUWU  
ERROR | 2022-07-03 18:34:32 | User_postgres_store: CNFUWU  
ERROR | 2022-07-03 18:34:58 | User_postgres_store: CNFUWU  
ERROR | 2022-07-03 18:53:21 | User_postgres_store: CNFUWU  
ERROR | 2022-07-03 19:29:39 | User_postgres_store: CNFUWU  
ERROR | 2022-07-03 19:38:12 | User_postgres_store: CNFUWU  
ERROR | 2022-07-03 19:38:45 | User_postgres_store: CNFUWU  
ERROR | 2022-07-08 01:13:52 | User_postgres_store: CNFUWU  
ERROR | 2022-07-08 01:13:52 | User_postgres_store: CNFUWU  
ERROR | 2022-07-08 01:13:52 | User_postgres_store: CNFUWU  
ERROR | 2022-07-08 01:13:52 | User_postgres_store: CNFUWU  
ERROR | 2022-07-08 01:13:52 | User_postgres_store: CNFUWU  
ERROR | 2022-07-08 01:13:52 | User_postgres_store: CNFUWU  
ERROR | 2022-07-08 01:13:52 | User_postgres_store: CNFUWU  
ERROR | 2022-07-08 01:13:52 | User_postgres_store: CNFUWU  
ERROR | 2022-07-08 01:44:04 | User_postgres_store: CNFUWU  
ERROR | 2022-07-08 01:44:04 | User_postgres_store: CNFUWU  
ERROR | 2022-07-08 01:44:04 | User_postgres_store: CNFUWU  
ERROR | 2022-07-08 01:44:04 | User_postgres_store: CNFUWU  
ERROR | 2022-07-08 01:44:04 | User_postgres_store: CNFUWU  
ERROR | 2022-07-08 01:44:04 | User_postgres_store: CNFUWU  
ERROR | 2022-07-08 01:44:04 | User_postgres_store: CNFUWU  
ERROR | 2022-07-08 01:44:04 | User_postgres_store: CNFUWU  
ERROR | 2022-07-08 02:06:21 | User_postgres_store: CNFUWU  
ERROR | 2022-07-08 02:06:21 | User_postgres_store: CNFUWU  
ERROR | 2022-07-08 02:06:21 | User_postgres_store: CNFUWU  
ERROR | 2022-07-08 02:06:21 | User_postgres_store: CNFUWU  
ERROR | 2022-07-08 02:06:21 | User_postgres_store: CNFUWU  
ERROR | 2022-07-08 02:06:21 | User_postgres_store: CNFUWU  
ERROR | 2022-07-08 02:06:21 | User_postgres_store: CNFUWU  
ERROR | 2022-07-08 02:06:21 | User_postgres_store: CNFUWU  
ERROR | 2022-07-08 17:21:10 | User_postgres_store: CNFUWU  
ERROR | 2022-07-08 17:21:10 | User_postgres_store: CNFUWU  
ERROR | 2022-07-08 17:21:10 | User_postgres_store: CNFUWU  
ERROR | 2022-07-08 17:21:10 | User_postgres_store: CNFUWU  
ERROR | 2022-07-08 17:21:10 | User_postgres_store: CNFUWU  
ERROR | 2022-07-08 17:21:10 | User_postgres_store: CNFUWU  
ERROR | 2022-07-08 17:21:10 | User_postgres_store: CNFUWU  
ERROR | 2022-07-08 17:21:10 | User_postgres_store: CNFUWU  
ERROR | 2022-07-08 19:12:07 | User_postgres_store: CNFUWU  
ERROR | 2022-07-08 19:12:07 | User_postgres_store: CNFUWU  
ERROR | 2022-07-08 19:12:07 | User_postgres_store: CNFUWU  
ERROR | 2022-07-08 19:12:07 | User_postgres_store: CNFUWU  
ERROR | 2022-07-08 19:12:07 | User_postgres_store: CNFUWU  
ERROR | 2022-07-08 19:12:07 | User_postgres_store: CNFUWU  
ERROR | 2022-07-08 19:12:07 | User_postgres_store: CNFUWU  
ERROR | 2022-07-08 19:12:07 | User_postgres_store: CNFUWU  
ERROR | 2022-07-08 19:14:16 | User_postgres_store: CNFUWU  
ERROR | 2022-07-08 19:14:16 | User_postgres_store: CNFUWU  
ERROR | 2022-07-08 19:14:16 | User_postgres_store: CNFUWU  
ERROR | 2022-07-08 19:14:16 | User_postgres_store: CNFUWU  
ERROR | 2022-07-08 19:14:16 | User_postgres_store: CNFUWU  
ERROR | 2022-07-08 19:14:16 | User_postgres_store: CNFUWU  
ERROR | 2022-07-08 19:14:16 | User_postgres_store: CNFUWU  
ERROR | 2022-07-08 19:14:16 | User_postgres_store: CNFUWU  
ERROR | 2022-07-08 19:14:42 | User_postgres_store: CNFUWU  
ERROR | 2022-07-08 19:16:00 | User_postgres_store: CNFUWU  
ERROR | 2022-07-08 19:16:00 | User_postgres_store: CNFUWU  
ERROR | 2022-07-08 19:16:00 | User_postgres_store: CNFUWU  
ERROR | 2022-07-08 19:16:00 | User_postgres_store: CNFUWU  
ERROR | 2022-07-08 19:16:00 | User_postgres_store: CNFUWU  
ERROR | 2022-07-08 19:16:00 | User_postgres_store: CNFUWU  
ERROR | 2022-07-08 19:16:00 | User_postgres_store: CNFUWU  
ERROR | 2022-07-08 19:16:01 | User_postgres_store: CNFUWU  
ERROR | 2022-07-08 19:16:13 | User_postgres_store: CNFUWU  
ERROR | 2022-07-09 03:24:08 | User_postgres_store: CNFUWU  
ERROR | 2022-07-09 03:24:08 | User_postgres_store: CNFUWU  
ERROR | 2022-07-09 03:24:08 | User_postgres_store: CNFUWU  
ERROR | 2022-07-09 03:24:08 | User_postgres_store: CNFUWU  
ERROR | 2022-07-09 03:24:08 | User_postgres_store: CNFUWU  
ERROR | 2022-07-09 03:24:08 | User_postgres_store: CNFUWU  
ERROR | 2022-07-09 03:24:08 | User_postgres_store: CNFUWU  
ERROR | 2022-07-09 03:24:08 | User_postgres_store: CNFUWU  
ERROR | 2022-07-09 03:25:31 | User_postgres_store: CNFUWU  
ERROR | 2022-07-09 07:08:06 | User_postgres_store: CNFUWU  
ERROR | 2022-07-09 07:08:06 | User_postgres_store: CNFUWU  
ERROR | 2022-07-09 07:08:06 | User_postgres_store: CNFUWU  
ERROR | 2022-07-09 07:08:06 | User_postgres_store: CNFUWU  
ERROR | 2022-07-09 07:08:06 | User_postgres_store: CNFUWU  
ERROR | 2022-07-09 07:08:06 | User_postgres_store: CNFUWU  
ERROR | 2022-07-09 07:08:06 | User_postgres_store: CNFUWU  
ERROR | 2022-07-09 07:08:06 | User_postgres_store: CNFUWU  
ERROR | 2022-07-09 10:54:34 | User_postgres_store: CNFUWU  
ERROR | 2022-07-09 10:54:34 | User_postgres_store: CNFUWU  
ERROR | 2022-07-09 10:54:34 | User_postgres_store: CNFUWU  
ERROR | 2022-07-09 10:54:34 | User_postgres_store: CNFUWU  
ERROR | 2022-07-09 10:54:34 | User_postgres_store: CNFUWU  
ERROR | 2022-07-09 10:54:34 | User_postgres_store: CNFUWU  
ERROR | 2022-07-09 10:54:34 | User_postgres_store: CNFUWU  
ERROR | 2022-07-09 10:54:34 | User_postgres_store: CNFUWU  
ERROR | 2022-07-09 12:58:33 | User_postgres_store: CNFUWU  
ERROR | 2022-07-09 13:03:01 | User_postgres_store: CNFUWU  
ERROR | 2022-07-09 14:02:43 | User_postgres_store: NUUI 1 
ERROR | 2022-07-09 14:03:00 | User_postgres_store: NUUI 0 
ERROR | 2022-07-09 14:05:58 | User_postgres_store: CNFUWU  
ERROR | 2022-07-09 14:07:52 | User_postgres_store: NUUI 0 
ERROR | 2022-07-09 14:10:05 | User_postgres_store: CNFUWU  
ERROR | 2022-07-09 14:11:08 | User_postgres_store: NUUI 0 
ERROR | 2022-07-09 14:11:19 | User_postgres_store: NUUI 0 
ERROR | 2022-07-09 14:13:54 | User_postgres_store: CNFUWU  
ERROR | 2022-07-09 14:44:01 | User_postgres_store: NUUI 1 
ERROR | 2022-07-09 15:35:57 | User_postgres_store: CNFUWU  
ERROR | 2022-07-09 15:41:47 | User_postgres_store: CNFUWU  
ERROR | 2022-07-09 15:44:43 | User_postgres_store: CNFUWU  
ERROR | 2022-07-09 15:48:58 | User_postgres_store: CNFUWU  
ERROR | 2022-07-09 15:50:41 | User_postgres_store: CNFUWU  
ERROR | 2022-07-09 16:18:06 | User_postgres_store: CNFUWU  
ERROR | 2022-07-09 16:18:06 | User_postgres_store: CNFUWU  
ERROR | 2022-07-09 16:18:06 | User_postgres_store: CNFUWU  
ERROR | 2022-07-09 16:18:06 | User_postgres_store: CNFUWU  
ERROR | 2022-07-09 16:18:06 | User_postgres_store: CNFUWU  
ERROR | 2022-07-09 16:18:06 | User_postgres_store: CNFUWU  
ERROR | 2022-07-09 16:18:06 | User_postgres_store: CNFUWU  
ERROR | 2022-07-09 16:18:06 | User_postgres_store: CNFUWU  
ERROR | 2022-07-09 16:33:03 | User_postgres_store: CNFUWU  
ERROR | 2022-07-09 16:37:50 | User_postgres_store: CNFUWU  
ERROR | 2022-07-09 16:37:50 | User_postgres_store: CNFUWU  
ERROR | 2022-07-09 16:37:50 | User_postgres_store: CNFUWU  
ERROR | 2022-07-09 16:37:50 | User_postgres_store: CNFUWU  
ERROR | 2022-07-09 16:37:50 | User_postgres_store: CNFUWU  
ERROR | 2022-07-09 16:37:50 | User_postgres_store: CNFUWU  
ERROR | 2022-07-09 16:37:50 | User_postgres_store: CNFUWU  
ERROR | 2022-07-09 16:37:50 | User_postgres_store: CNFUWU  
ERROR | 2022-07-09 16:40:37 | User_postgres_store: CNFUWU  
ERROR | 2022-07-09 16:40:37 | User_postgres_store: CNFUWU  
ERROR | 2022-07-09 16:40:37 | User_postgres_store: CNFUWU  
ERROR | 2022-07-09 16:40:37 | User_postgres_store: CNFUWU  
ERROR | 2022-07-09 16:40:37 | User_postgres_store: CNFUWU  
ERROR | 2022-07-09 16:40:37 | User_postgres_store: CNFUWU  
ERROR | 2022-07-09 16:40:37 | User_postgres_store: CNFUWU  
ERROR | 2022-07-09 16:40:37 | User_postgres_store: CNFUWU  
ERROR | 2022-07-09 16:48:48 | User_postgres_store: CNFUWU  
ERROR | 2022-07-09 18:17:20 | User_postgres_store: CNFUWU  
ERROR | 2022-07-09 18:17:20 | User_postgres_store: CNFUWU  
ERROR | 2022-07-09 18:17:20 | User_postgres_store: CNFUWU  
ERROR | 2022-07-09 18:17:20 | User_postgres_store: CNFUWU  
ERROR | 2022-07-09 18:17:20 | User_postgres_store: CNFUWU  
ERROR | 2022-07-09 18:17:20 | User_postgres_store: CNFUWU  
ERROR | 2022-07-09 18:17:20 | User_postgres_store: CNFUWU  
ERROR | 2022-07-09 18:17:20 | User_postgres_store: CNFUWU  
ERROR | 2022-07-09 18:30:59 | User_postgres_store: CNFUWU  
ERROR | 2022-07-09 18:30:59 | User_postgres_store: CNFUWU  
ERROR | 2022-07-09 18:30:59 | User_postgres_store: CNFUWU  
ERROR | 2022-07-09 18:30:59 | User_postgres_store: CNFUWU  
ERROR | 2022-07-09 18:30:59 | User_postgres_store: CNFUWU  
ERROR | 2022-07-09 18:30:59 | User_postgres_store: CNFUWU  
ERROR | 2022-07-09 18:30:59 | User_postgres_store: CNFUWU  
ERROR | 2022-07-09 18:30:59 | User_postgres_store: CNFUWU  
ERROR | 2022-07-09 20:20:28 | User_postgres_store: CNFUWU  
ERROR | 2022-07-09 20:20:28 | User_postgres_store: CNFUWU  
ERROR | 2022-07-09 20:20:28 | User_postgres_store: CNFUWU  
ERROR | 2022-07-09 20:20:28 | User_postgres_store: CNFUWU  
ERROR | 2022-07-09 20:20:28 | User_postgres_store: CNFUWU  
ERROR | 2022-07-09 20:20:28 | User_postgres_store: CNFUWU  
ERROR | 2022-07-09 20:20:28 | User_postgres_store: CNFUWU  
ERROR | 2022-07-09 20:20:28 | User_postgres_store: CNFUWU  
ERROR | 2022-07-09 20:41:42 | User_postgres_store: CNFUWU  
ERROR | 2022-07-09 20:41:42 | User_postgres_store: CNFUWU  
ERROR | 2022-07-09 20:41:42 | User_postgres_store: CNFUWU  
ERROR | 2022-07-09 20:41:42 | User_postgres_store: CNFUWU  
ERROR | 2022-07-09 20:41:42 | User_postgres_store: CNFUWU  
ERROR | 2022-07-09 20:41:42 | User_postgres_store: CNFUWU  
ERROR | 2022-07-09 20:41:42 | User_postgres_store: CNFUWU  
ERROR | 2022-07-09 20:41:42 | User_postgres_store: CNFUWU  
ERROR | 2022-07-09 20:41:55 | User_postgres_store: CNFUWU  
ERROR | 2022-07-09 20:41:55 | User_postgres_store: CNFUWU  
ERROR | 2022-07-09 20:41:55 | User_postgres_store: CNFUWU  
ERROR | 2022-07-09 20:41:55 | User_postgres_store: CNFUWU  
ERROR | 2022-07-09 20:41:55 | User_postgres_store: CNFUWU  
ERROR | 2022-07-09 20:41:55 | User_postgres_store: CNFUWU  
ERROR | 2022-07-09 20:41:55 | User_postgres_store: CNFUWU  
ERROR | 2022-07-09 20:41:55 | User_postgres_store: CNFUWU  
