INFO | 2022-06-13 18:09:04 | Get all method 
INFO | 2022-06-13 18:15:14 | Get all method 
INFO | 2022-06-13 18:15:55 | Get all method 
INFO | 2022-06-13 18:28:24 | User_post_grpc_handler: CreateUserPost - User with id  created new post.
INFO | 2022-06-13 23:22:46 | User_post_grpc_handler: CreateUserPost - User with id  created new post. 
INFO | 2022-06-13 23:28:42 | User_post_grpc_handler: CreateUserPost - User with id  created new post. 
INFO | 2022-06-13 23:29:21 | User_post_grpc_handler: CreateUserPost - User with id 2 created new post. 
INFO | 2022-06-14 15:46:27 | User_post_service: Create - User with id 2 created new post. 
INFO | 2022-06-14 15:46:27 | User_post_grpc_handler: CreateUserPost - User with id 2 created new post. 
INFO | 2022-06-14 19:40:52 | User_post_mongodb_store: Insert - User with id 1 save his post in database 
INFO | 2022-06-14 19:40:52 | User_post_mongodb_store: Insert - User with id 1 save his post in database 
INFO | 2022-06-14 19:40:52 | User_post_mongodb_store: Insert - User with id 2 save his post in database 
INFO | 2022-06-15 18:13:56 | User_post_mongodb_store: Insert - User with id 1 save his post in database 
INFO | 2022-06-15 18:13:56 | User_post_mongodb_store: Insert - User with id 1 save his post in database 
INFO | 2022-06-15 18:13:56 | User_post_mongodb_store: Insert - User with id 2 save his post in database 
INFO | 2022-06-15 18:14:50 | User_post_mongodb_store: Insert - User with id 1 save his post in database 
INFO | 2022-06-15 18:14:50 | User_post_mongodb_store: Insert - User with id 1 save his post in database 
INFO | 2022-06-15 18:14:50 | User_post_mongodb_store: Insert - User with id 2 save his post in database 
INFO | 2022-06-15 18:15:33 | Auth_service: GenerateToken - user with id 9 get token 
INFO | 2022-06-15 18:16:43 | Auth_service: GenerateToken - user with id 9 get token 
INFO | 2022-06-15 18:18:42 | Auth_service: GenerateToken - user with id 9 get token 
INFO | 2022-06-15 18:19:19 | Auth_service: GenerateToken - user with id 9 get token and loged in. 

