INFO | 2022-06-18 03:16:54 | User_connection_mongodb_store: USCID | UI 1 
INFO | 2022-06-18 03:16:54 | User_connection_mongodb_store: USCID | UI 2 
INFO | 2022-06-18 03:16:54 | User_connection_mongodb_store: USCID | UI 3 
INFO | 2022-06-18 03:16:54 | User_connection_mongodb_store: USCID | UI 4 
INFO | 2022-06-26 18:56:47 | User_connection_mongodb_store: USCID | UI 1 
INFO | 2022-06-26 18:56:47 | User_connection_mongodb_store: USCID | UI 2 
INFO | 2022-06-26 18:56:47 | User_connection_mongodb_store: USCID | UI 3 
INFO | 2022-06-26 18:56:47 | User_connection_mongodb_store: USCID | UI 4 
INFO | 2022-07-05 16:56:04 | User_connection_mongodb_store: USCID | UI 1 
INFO | 2022-07-05 16:56:04 | User_connection_mongodb_store: USCID | UI 2 
INFO | 2022-07-05 16:56:04 | User_connection_mongodb_store: USCID | UI 3 
INFO | 2022-07-05 16:56:04 | User_connection_mongodb_store: USCID | UI 4 
INFO | 2022-07-06 20:15:04 | User_connection_mongodb_store: USCID | UI 13 
INFO | 2022-07-06 20:15:04 | User_connection_mongodb_store: USCID | UI 12 
INFO | 2022-07-06 20:15:04 | User_connection_mongodb_store: USCID | UI 14 
INFO | 2022-07-06 20:15:04 | User_connection_mongodb_store: USCID | UI 4 
INFO | 2022-07-07 13:48:59 | User_connection_mongodb_store: USCID | UI 13 
INFO | 2022-07-07 13:48:59 | User_connection_mongodb_store: USCID | UI 12 
INFO | 2022-07-07 13:48:59 | User_connection_mongodb_store: USCID | UI 14 
INFO | 2022-07-07 13:48:59 | User_connection_mongodb_store: USCID | UI 4 
INFO | 2022-07-07 14:51:26 | User_connection_mongodb_store: USCID | UI 13 
INFO | 2022-07-07 14:51:26 | User_connection_mongodb_store: USCID | UI 12 
INFO | 2022-07-07 14:51:26 | User_connection_mongodb_store: USCID | UI 14 
INFO | 2022-07-07 14:51:26 | User_connection_mongodb_store: USCID | UI 4 
INFO | 2022-07-07 14:59:22 | User_connection_mongodb_store: USCID | UI 13 
INFO | 2022-07-07 14:59:22 | User_connection_mongodb_store: USCID | UI 12 
INFO | 2022-07-07 14:59:22 | User_connection_mongodb_store: USCID | UI 14 
INFO | 2022-07-07 14:59:22 | User_connection_mongodb_store: USCID | UI 4 
INFO | 2022-07-07 15:02:35 | User_connection_mongodb_store: USCID | UI 13 
INFO | 2022-07-07 15:02:35 | User_connection_mongodb_store: USCID | UI 12 
INFO | 2022-07-07 15:02:35 | User_connection_mongodb_store: USCID | UI 14 
INFO | 2022-07-07 15:02:35 | User_connection_mongodb_store: USCID | UI 4 
INFO | 2022-07-07 15:03:23 | User_connection_mongodb_store: USSACID | UI 13 
INFO | 2022-07-07 15:15:47 | User_connection_mongodb_store: USCID | UI 13 
INFO | 2022-07-07 15:15:47 | User_connection_mongodb_store: USCID | UI 12 
INFO | 2022-07-07 15:15:47 | User_connection_mongodb_store: USCID | UI 14 
INFO | 2022-07-07 15:15:47 | User_connection_mongodb_store: USCID | UI 4 
INFO | 2022-07-07 15:15:54 | User_connection_mongodb_store: USSACID | UI 13 
INFO | 2022-07-07 15:17:43 | User_connection_mongodb_store: USCID | UI 13 
INFO | 2022-07-07 15:17:43 | User_connection_mongodb_store: USCID | UI 12 
INFO | 2022-07-07 15:17:43 | User_connection_mongodb_store: USCID | UI 14 
INFO | 2022-07-07 15:17:43 | User_connection_mongodb_store: USCID | UI 4 
INFO | 2022-07-07 15:19:37 | User_connection_mongodb_store: USCID | UI 13 
INFO | 2022-07-07 15:19:37 | User_connection_mongodb_store: USCID | UI 12 
INFO | 2022-07-07 15:19:37 | User_connection_mongodb_store: USCID | UI 14 
INFO | 2022-07-07 15:19:37 | User_connection_mongodb_store: USCID | UI 4 
INFO | 2022-07-07 15:19:51 | User_connection_mongodb_store: USSACID | UI 13 
INFO | 2022-07-07 15:20:21 | User_connection_mongodb_store: USCID | UI 13 
INFO | 2022-07-07 15:20:21 | User_connection_mongodb_store: USCID | UI 12 
INFO | 2022-07-07 15:20:21 | User_connection_mongodb_store: USCID | UI 14 
INFO | 2022-07-07 15:20:21 | User_connection_mongodb_store: USCID | UI 4 
INFO | 2022-07-07 15:20:37 | User_connection_mongodb_store: USSACID | UI 13 
INFO | 2022-07-07 15:33:22 | User_connection_mongodb_store: USCID | UI 13 
INFO | 2022-07-07 15:33:22 | User_connection_mongodb_store: USCID | UI 12 
INFO | 2022-07-07 15:33:22 | User_connection_mongodb_store: USCID | UI 14 
INFO | 2022-07-07 15:33:22 | User_connection_mongodb_store: USCID | UI 4 
INFO | 2022-07-07 15:35:11 | User_connection_mongodb_store: USCID | UI 13 
INFO | 2022-07-07 15:35:11 | User_connection_mongodb_store: USCID | UI 12 
INFO | 2022-07-07 15:35:11 | User_connection_mongodb_store: USCID | UI 14 
INFO | 2022-07-07 15:35:11 | User_connection_mongodb_store: USCID | UI 4 
INFO | 2022-07-07 15:35:16 | User_connection_mongodb_store: USSACID | UI 13 
INFO | 2022-07-07 15:36:56 | User_connection_mongodb_store: USCID | UI 13 
INFO | 2022-07-07 15:36:56 | User_connection_mongodb_store: USCID | UI 12 
INFO | 2022-07-07 15:36:56 | User_connection_mongodb_store: USCID | UI 14 
INFO | 2022-07-07 15:36:56 | User_connection_mongodb_store: USCID | UI 4 
INFO | 2022-07-07 15:37:44 | User_connection_mongodb_store: USSACID | UI 13 
INFO | 2022-07-07 16:10:45 | User_connection_mongodb_store: USCID | UI 13 
INFO | 2022-07-07 16:10:45 | User_connection_mongodb_store: USCID | UI 12 
INFO | 2022-07-07 16:10:45 | User_connection_mongodb_store: USCID | UI 14 
INFO | 2022-07-07 16:10:45 | User_connection_mongodb_store: USCID | UI 4 
INFO | 2022-07-07 16:14:51 | User_connection_mongodb_store: USCID | UI 13 
INFO | 2022-07-07 16:14:51 | User_connection_mongodb_store: USCID | UI 12 
INFO | 2022-07-07 16:14:51 | User_connection_mongodb_store: USCID | UI 14 
INFO | 2022-07-07 16:14:51 | User_connection_mongodb_store: USCID | UI 4 
INFO | 2022-07-07 16:16:34 | User_connection_mongodb_store: USSACID | UI 13 
INFO | 2022-07-07 16:19:15 | User_connection_mongodb_store: USCID | UI 13 
INFO | 2022-07-07 16:19:15 | User_connection_mongodb_store: USCID | UI 12 
INFO | 2022-07-07 16:19:15 | User_connection_mongodb_store: USCID | UI 14 
INFO | 2022-07-07 16:19:15 | User_connection_mongodb_store: USCID | UI 4 
INFO | 2022-07-07 16:21:41 | User_connection_mongodb_store: USSACID | UI 13 
INFO | 2022-07-07 16:23:25 | User_connection_mongodb_store: USCID | UI 13 
INFO | 2022-07-07 16:23:25 | User_connection_mongodb_store: USCID | UI 12 
INFO | 2022-07-07 16:23:25 | User_connection_mongodb_store: USCID | UI 14 
INFO | 2022-07-07 16:23:25 | User_connection_mongodb_store: USCID | UI 4 
INFO | 2022-07-07 16:23:36 | User_connection_mongodb_store: USSACID | UI 13 
INFO | 2022-07-07 16:25:36 | User_connection_mongodb_store: USCID | UI 13 
INFO | 2022-07-07 16:25:36 | User_connection_mongodb_store: USCID | UI 12 
INFO | 2022-07-07 16:25:36 | User_connection_mongodb_store: USCID | UI 14 
INFO | 2022-07-07 16:25:36 | User_connection_mongodb_store: USCID | UI 4 
INFO | 2022-07-07 16:25:49 | User_connection_mongodb_store: USSACID | UI 13 
INFO | 2022-07-07 16:43:04 | User_connection_mongodb_store: USCID | UI 13 
INFO | 2022-07-07 16:43:04 | User_connection_mongodb_store: USCID | UI 12 
INFO | 2022-07-07 16:43:04 | User_connection_mongodb_store: USCID | UI 14 
INFO | 2022-07-07 16:43:04 | User_connection_mongodb_store: USCID | UI 4 
INFO | 2022-07-07 16:44:40 | User_connection_mongodb_store: USUCID | UI 4 
INFO | 2022-07-07 16:44:40 | User_connection_mongodb_store: USUCID | UI 13 
INFO | 2022-07-07 17:50:57 | User_connection_mongodb_store: USCID | UI 13 
INFO | 2022-07-07 17:50:57 | User_connection_mongodb_store: USCID | UI 12 
INFO | 2022-07-07 17:50:57 | User_connection_mongodb_store: USCID | UI 14 
INFO | 2022-07-07 17:50:57 | User_connection_mongodb_store: USCID | UI 4 
INFO | 2022-07-07 17:55:13 | User_connection_grpc_handler: GAC | UI 13 
INFO | 2022-07-07 17:59:08 | User_connection_grpc_handler: GAC | UI 13 
INFO | 2022-07-07 18:01:36 | User_connection_grpc_handler: GAC | UI 13 
INFO | 2022-07-07 18:02:57 | User_connection_grpc_handler: GAC | UI 13 
INFO | 2022-07-07 21:56:40 | User_connection_mongodb_store: USCID | UI 13 
INFO | 2022-07-07 21:56:40 | User_connection_mongodb_store: USCID | UI 12 
INFO | 2022-07-07 21:56:40 | User_connection_mongodb_store: USCID | UI 14 
INFO | 2022-07-07 21:56:40 | User_connection_mongodb_store: USCID | UI 4 
INFO | 2022-07-07 22:37:35 | User_connection_mongodb_store: USCID | UI 13 
INFO | 2022-07-07 22:37:35 | User_connection_mongodb_store: USCID | UI 12 
INFO | 2022-07-07 22:37:35 | User_connection_mongodb_store: USCID | UI 14 
INFO | 2022-07-07 22:37:35 | User_connection_mongodb_store: USCID | UI 4 
INFO | 2022-07-07 22:38:00 | User_connection_grpc_handler: GAC | UI 13 
INFO | 2022-07-08 01:14:03 | User_connection_mongodb_store: USCID | UI 1 
INFO | 2022-07-08 01:14:03 | User_connection_mongodb_store: USCID | UI 2 
INFO | 2022-07-08 01:14:03 | User_connection_mongodb_store: USCID | UI 3 
INFO | 2022-07-08 01:14:03 | User_connection_mongodb_store: USCID | UI 4 
INFO | 2022-07-08 01:14:03 | User_connection_mongodb_store: USCID | UI 5 
INFO | 2022-07-08 01:14:03 | User_connection_mongodb_store: USCID | UI 6 
INFO | 2022-07-08 01:14:03 | User_connection_mongodb_store: USCID | UI 7 
INFO | 2022-07-08 01:14:03 | User_connection_mongodb_store: USCID | UI 8 
INFO | 2022-07-08 01:20:14 | User_connection_grpc_handler: GAC | UI 1 
INFO | 2022-07-08 01:22:12 | User_connection_grpc_handler: GAC | UI 1 
INFO | 2022-07-08 01:23:22 | User_connection_grpc_handler: GAC | UI 1 
INFO | 2022-07-08 01:37:00 | User_connection_grpc_handler: GAC | UI 1 
INFO | 2022-07-08 01:44:18 | User_connection_mongodb_store: USCID | UI 1 
INFO | 2022-07-08 01:44:18 | User_connection_mongodb_store: USCID | UI 2 
INFO | 2022-07-08 01:44:18 | User_connection_mongodb_store: USCID | UI 3 
INFO | 2022-07-08 01:44:18 | User_connection_mongodb_store: USCID | UI 4 
INFO | 2022-07-08 01:44:18 | User_connection_mongodb_store: USCID | UI 5 
INFO | 2022-07-08 01:44:18 | User_connection_mongodb_store: USCID | UI 6 
INFO | 2022-07-08 01:44:18 | User_connection_mongodb_store: USCID | UI 7 
INFO | 2022-07-08 01:44:18 | User_connection_mongodb_store: USCID | UI 8 
INFO | 2022-07-08 01:44:58 | User_connection_grpc_handler: GAC | UI 1 
INFO | 2022-07-08 01:45:30 | User_connection_grpc_handler: GAC | UI 1 
INFO | 2022-07-08 01:58:59 | User_connection_grpc_handler: GAC | UI 1 
INFO | 2022-07-08 02:03:43 | User_connection_grpc_handler: GAC | UI 1 
INFO | 2022-07-08 02:09:52 | User_connection_mongodb_store: USCID | UI 1 
INFO | 2022-07-08 02:09:52 | User_connection_mongodb_store: USCID | UI 2 
INFO | 2022-07-08 02:09:52 | User_connection_mongodb_store: USCID | UI 3 
INFO | 2022-07-08 02:09:52 | User_connection_mongodb_store: USCID | UI 4 
INFO | 2022-07-08 02:09:52 | User_connection_mongodb_store: USCID | UI 5 
INFO | 2022-07-08 02:09:52 | User_connection_mongodb_store: USCID | UI 6 
INFO | 2022-07-08 02:09:53 | User_connection_mongodb_store: USCID | UI 7 
INFO | 2022-07-08 02:09:53 | User_connection_mongodb_store: USCID | UI 8 
INFO | 2022-07-08 02:24:28 | User_connection_mongodb_store: USCID | UI 1 
INFO | 2022-07-08 02:24:28 | User_connection_mongodb_store: USCID | UI 2 
INFO | 2022-07-08 02:24:28 | User_connection_mongodb_store: USCID | UI 3 
INFO | 2022-07-08 02:24:28 | User_connection_mongodb_store: USCID | UI 4 
INFO | 2022-07-08 02:24:28 | User_connection_mongodb_store: USCID | UI 5 
INFO | 2022-07-08 02:24:28 | User_connection_mongodb_store: USCID | UI 6 
INFO | 2022-07-08 02:24:28 | User_connection_mongodb_store: USCID | UI 7 
INFO | 2022-07-08 02:24:28 | User_connection_mongodb_store: USCID | UI 8 
INFO | 2022-07-08 02:24:41 | User_connection_mongodb_store: USUCID | UI 1 
INFO | 2022-07-08 02:24:41 | User_connection_mongodb_store: USUCID | UI 3 
INFO | 2022-07-08 02:25:04 | User_connection_mongodb_store: USCID | UI 1 
INFO | 2022-07-08 02:25:04 | User_connection_mongodb_store: USCID | UI 2 
INFO | 2022-07-08 02:25:04 | User_connection_mongodb_store: USCID | UI 3 
INFO | 2022-07-08 02:25:04 | User_connection_mongodb_store: USCID | UI 4 
INFO | 2022-07-08 02:25:04 | User_connection_mongodb_store: USCID | UI 5 
INFO | 2022-07-08 02:25:04 | User_connection_mongodb_store: USCID | UI 6 
INFO | 2022-07-08 02:25:04 | User_connection_mongodb_store: USCID | UI 7 
INFO | 2022-07-08 02:25:04 | User_connection_mongodb_store: USCID | UI 8 
INFO | 2022-07-08 02:25:10 | User_connection_mongodb_store: USUCID | UI 1 
INFO | 2022-07-08 02:25:10 | User_connection_mongodb_store: USUCID | UI 3 
INFO | 2022-07-08 02:25:49 | User_connection_mongodb_store: USCID | UI 1 
INFO | 2022-07-08 02:25:49 | User_connection_mongodb_store: USCID | UI 2 
INFO | 2022-07-08 02:25:49 | User_connection_mongodb_store: USCID | UI 3 
INFO | 2022-07-08 02:25:49 | User_connection_mongodb_store: USCID | UI 4 
INFO | 2022-07-08 02:25:49 | User_connection_mongodb_store: USCID | UI 5 
INFO | 2022-07-08 02:25:49 | User_connection_mongodb_store: USCID | UI 6 
INFO | 2022-07-08 02:25:49 | User_connection_mongodb_store: USCID | UI 7 
INFO | 2022-07-08 02:25:49 | User_connection_mongodb_store: USCID | UI 8 
INFO | 2022-07-08 02:26:24 | User_connection_mongodb_store: USUCID | UI 1 
INFO | 2022-07-08 02:26:24 | User_connection_mongodb_store: USUCID | UI 5 
INFO | 2022-07-08 02:29:36 | User_connection_mongodb_store: USSACID | UI 1 
INFO | 2022-07-08 02:30:29 | User_connection_mongodb_store: USUCID | UI 1 
INFO | 2022-07-08 02:30:29 | User_connection_mongodb_store: USUCID | UI 7 
INFO | 2022-07-08 02:31:12 | User_connection_mongodb_store: USCID | UI 1 
INFO | 2022-07-08 02:31:12 | User_connection_mongodb_store: USCID | UI 2 
INFO | 2022-07-08 02:31:12 | User_connection_mongodb_store: USCID | UI 3 
INFO | 2022-07-08 02:31:12 | User_connection_mongodb_store: USCID | UI 4 
INFO | 2022-07-08 02:31:12 | User_connection_mongodb_store: USCID | UI 5 
INFO | 2022-07-08 02:31:12 | User_connection_mongodb_store: USCID | UI 6 
INFO | 2022-07-08 02:31:12 | User_connection_mongodb_store: USCID | UI 7 
INFO | 2022-07-08 02:31:12 | User_connection_mongodb_store: USCID | UI 8 
INFO | 2022-07-08 02:34:18 | User_connection_mongodb_store: USUCID | UI 1 
INFO | 2022-07-08 02:34:18 | User_connection_mongodb_store: USUCID | UI 7 
INFO | 2022-07-08 02:34:33 | User_connection_mongodb_store: USCID | UI 1 
INFO | 2022-07-08 02:34:33 | User_connection_mongodb_store: USCID | UI 2 
INFO | 2022-07-08 02:34:33 | User_connection_mongodb_store: USCID | UI 3 
INFO | 2022-07-08 02:34:33 | User_connection_mongodb_store: USCID | UI 4 
INFO | 2022-07-08 02:34:33 | User_connection_mongodb_store: USCID | UI 5 
INFO | 2022-07-08 02:34:33 | User_connection_mongodb_store: USCID | UI 6 
INFO | 2022-07-08 02:34:33 | User_connection_mongodb_store: USCID | UI 7 
INFO | 2022-07-08 02:34:33 | User_connection_mongodb_store: USCID | UI 8 
INFO | 2022-07-08 02:34:42 | User_connection_mongodb_store: USUCID | UI 1 
INFO | 2022-07-08 02:34:42 | User_connection_mongodb_store: USUCID | UI 5 
INFO | 2022-07-08 02:34:57 | User_connection_mongodb_store: USSACID | UI 1 
INFO | 2022-07-08 02:38:05 | User_connection_mongodb_store: USCID | UI 1 
INFO | 2022-07-08 02:38:05 | User_connection_mongodb_store: USCID | UI 2 
INFO | 2022-07-08 02:38:05 | User_connection_mongodb_store: USCID | UI 3 
INFO | 2022-07-08 02:38:05 | User_connection_mongodb_store: USCID | UI 4 
INFO | 2022-07-08 02:38:05 | User_connection_mongodb_store: USCID | UI 5 
INFO | 2022-07-08 02:38:05 | User_connection_mongodb_store: USCID | UI 6 
INFO | 2022-07-08 02:38:05 | User_connection_mongodb_store: USCID | UI 7 
INFO | 2022-07-08 02:38:05 | User_connection_mongodb_store: USCID | UI 8 
INFO | 2022-07-08 02:38:23 | User_connection_mongodb_store: USSACID | UI 1 
INFO | 2022-07-08 02:38:51 | User_connection_mongodb_store: USCID | UI 1 
INFO | 2022-07-08 02:38:51 | User_connection_mongodb_store: USCID | UI 2 
INFO | 2022-07-08 02:38:51 | User_connection_mongodb_store: USCID | UI 3 
INFO | 2022-07-08 02:38:51 | User_connection_mongodb_store: USCID | UI 4 
INFO | 2022-07-08 02:38:51 | User_connection_mongodb_store: USCID | UI 5 
INFO | 2022-07-08 02:38:51 | User_connection_mongodb_store: USCID | UI 6 
INFO | 2022-07-08 02:38:51 | User_connection_mongodb_store: USCID | UI 7 
INFO | 2022-07-08 02:38:51 | User_connection_mongodb_store: USCID | UI 8 
INFO | 2022-07-08 17:12:27 | User_connection_mongodb_store: USCID | UI 1 
INFO | 2022-07-08 17:12:27 | User_connection_mongodb_store: USCID | UI 2 
INFO | 2022-07-08 17:12:27 | User_connection_mongodb_store: USCID | UI 3 
INFO | 2022-07-08 17:12:27 | User_connection_mongodb_store: USCID | UI 4 
INFO | 2022-07-08 17:12:27 | User_connection_mongodb_store: USCID | UI 5 
INFO | 2022-07-08 17:12:27 | User_connection_mongodb_store: USCID | UI 6 
INFO | 2022-07-08 17:12:27 | User_connection_mongodb_store: USCID | UI 7 
INFO | 2022-07-08 17:12:27 | User_connection_mongodb_store: USCID | UI 8 
INFO | 2022-07-08 17:13:39 | User_connection_grpc_handler: GAC | UI 1 
INFO | 2022-07-08 17:56:57 | User_connection_grpc_handler: GAC | UI -1 
INFO | 2022-07-08 17:58:07 | User_connection_mongodb_store: USCID | UI 1 
INFO | 2022-07-08 17:58:07 | User_connection_mongodb_store: USCID | UI 2 
INFO | 2022-07-08 17:58:07 | User_connection_mongodb_store: USCID | UI 3 
INFO | 2022-07-08 17:58:07 | User_connection_mongodb_store: USCID | UI 4 
INFO | 2022-07-08 17:58:07 | User_connection_mongodb_store: USCID | UI 5 
INFO | 2022-07-08 17:58:07 | User_connection_mongodb_store: USCID | UI 6 
INFO | 2022-07-08 17:58:07 | User_connection_mongodb_store: USCID | UI 7 
INFO | 2022-07-08 17:58:07 | User_connection_mongodb_store: USCID | UI 8 
INFO | 2022-07-08 17:59:48 | User_connection_grpc_handler: GAC | UI 1 
INFO | 2022-07-08 17:59:56 | User_connection_grpc_handler: GAC | UI 1 
INFO | 2022-07-08 18:01:22 | User_connection_grpc_handler: GAC | UI 1 
INFO | 2022-07-08 18:01:36 | User_connection_grpc_handler: GAC | UI 1 
INFO | 2022-07-08 18:01:36 | User_connection_grpc_handler: GAC | UI 1 
INFO | 2022-07-08 18:01:39 | User_connection_grpc_handler: GAC | UI 1 
INFO | 2022-07-08 18:03:43 | User_connection_grpc_handler: GAC | UI 1 
INFO | 2022-07-09 20:35:39 | User_connection_mongodb_store: USCID | UI 1 
INFO | 2022-07-09 20:43:11 | User_connection_mongodb_store: USCID | UI 1 
INFO | 2022-07-09 20:44:53 | User_connection_mongodb_store: USCID | UI 1 
INFO | 2022-07-09 20:44:53 | User_connection_mongodb_store: USCID | UI 2 
INFO | 2022-07-09 20:44:53 | User_connection_mongodb_store: USCID | UI 3 
INFO | 2022-07-09 20:44:53 | User_connection_mongodb_store: USCID | UI 4 
INFO | 2022-07-09 20:44:53 | User_connection_mongodb_store: USCID | UI 5 
INFO | 2022-07-09 20:44:53 | User_connection_mongodb_store: USCID | UI 6 
INFO | 2022-07-09 20:44:53 | User_connection_mongodb_store: USCID | UI 7 
INFO | 2022-07-09 20:44:53 | User_connection_mongodb_store: USCID | UI 8 
